2019-01-24 05:50:35 [scrapy.utils.log] INFO: Scrapy 1.5.1 started (bot: deck_importer)
2019-01-24 05:50:35 [scrapy.utils.log] INFO: Versions: lxml 4.3.0.0, libxml2 2.9.9, cssselect 1.0.3, parsel 1.5.1, w3lib 1.20.0, Twisted 18.9.0, Python 3.7.2 (default, Dec 27 2018, 07:35:52) - [Clang 10.0.0 (clang-1000.11.45.5)], pyOpenSSL 18.0.0 (OpenSSL 1.1.0j  20 Nov 2018), cryptography 2.4.2, Platform Darwin-17.5.0-x86_64-i386-64bit
2019-01-24 05:50:35 [scrapy.crawler] INFO: Overridden settings: {'BOT_NAME': 'deck_importer', 'LOG_FILE': 'logs/default/deck_crawler/f5db41601f9b11e9888234363b6c50f0.log', 'NEWSPIDER_MODULE': 'deck_importer.spiders', 'ROBOTSTXT_OBEY': True, 'SPIDER_MODULES': ['deck_importer.spiders']}
2019-01-24 05:50:35 [scrapy.middleware] INFO: Enabled extensions:
['scrapy.extensions.corestats.CoreStats',
 'scrapy.extensions.telnet.TelnetConsole',
 'scrapy.extensions.memusage.MemoryUsage',
 'scrapy.extensions.logstats.LogStats']
2019-01-24 05:50:35 [scrapy.middleware] INFO: Enabled downloader middlewares:
['scrapy.downloadermiddlewares.robotstxt.RobotsTxtMiddleware',
 'scrapy.downloadermiddlewares.httpauth.HttpAuthMiddleware',
 'scrapy.downloadermiddlewares.downloadtimeout.DownloadTimeoutMiddleware',
 'scrapy.downloadermiddlewares.defaultheaders.DefaultHeadersMiddleware',
 'scrapy.downloadermiddlewares.useragent.UserAgentMiddleware',
 'scrapy.downloadermiddlewares.retry.RetryMiddleware',
 'scrapy.downloadermiddlewares.redirect.MetaRefreshMiddleware',
 'scrapy.downloadermiddlewares.httpcompression.HttpCompressionMiddleware',
 'scrapy.downloadermiddlewares.redirect.RedirectMiddleware',
 'scrapy.downloadermiddlewares.cookies.CookiesMiddleware',
 'scrapy.downloadermiddlewares.httpproxy.HttpProxyMiddleware',
 'scrapy.downloadermiddlewares.stats.DownloaderStats']
2019-01-24 05:50:35 [scrapy.middleware] INFO: Enabled spider middlewares:
['scrapy.spidermiddlewares.httperror.HttpErrorMiddleware',
 'scrapy.spidermiddlewares.offsite.OffsiteMiddleware',
 'scrapy.spidermiddlewares.referer.RefererMiddleware',
 'scrapy.spidermiddlewares.urllength.UrlLengthMiddleware',
 'scrapy.spidermiddlewares.depth.DepthMiddleware']
2019-01-24 05:50:35 [scrapy.middleware] INFO: Enabled item pipelines:
['deck_importer.pipelines.DeckImporterPipeline']
2019-01-24 05:50:35 [scrapy.core.engine] INFO: Spider opened
2019-01-24 05:50:35 [scrapy.extensions.logstats] INFO: Crawled 0 pages (at 0 pages/min), scraped 0 items (at 0 items/min)
2019-01-24 05:50:35 [scrapy.extensions.telnet] DEBUG: Telnet console listening on 127.0.0.1:6023
2019-01-24 05:50:35 [scrapy.core.engine] DEBUG: Crawled (200) <GET https://www.keyforgegame.com/robots.txt> (referer: None)
2019-01-24 05:50:35 [scrapy.core.engine] DEBUG: Crawled (200) <GET https://www.keyforgegame.com/deck-details/9caa4e61-f79b-4ecd-914e-d7484c9c1ba0> (referer: None)
2019-01-24 05:50:36 [scrapy.core.scraper] ERROR: Error processing {'owner': '1', 'deck': {'id': '9caa4e61-f79b-4ecd-914e-d7484c9c1ba0', 'name': 'The Ageless Orphan', 'isMyDeck': False, 'favorite': False, 'isOnWatchlist': False, 'expansion': 341, 'powerLevel': 0, 'chains': 0, 'wins': 0, 'losses': 0, 'casualWins': 0, 'casualLosses': 0, 'houses': [{'id': 'Dis', 'name': 'Dis', 'image': 'https://cdn.keyforgegame.com/media/houses/Dis_OooSNPO.png'}, {'id': 'Mars', 'name': 'Mars', 'image': 'https://cdn.keyforgegame.com/media/houses/Mars_CmAUCXI.png'}, {'id': 'Shadows', 'name': 'Shadows', 'image': 'https://cdn.keyforgegame.com/media/houses/Shadows_z0n69GG.png'}], 'cards': {'Dis': [{'id': '892c0a68-5213-48b2-8883-2ac3c97ac83c', 'name': 'Arise!', 'house': 'Dis', 'imageUrl': 'https://cdn.keyforgegame.com/media/card_front/en/341_54_F9GHFCWJ233R_en.png', 'description': 'Play: Choose a house. Return each creature of that house from your discard pile to your hand. Gain 1 chain.', 'cardType': 'Action', 'traits': None, 'amber': 0, 'powerLevel': 0, 'armor': 0, 'rarity': 0, 'isMaverick': False, 'flavorText': None, 'indexInExpansion': 54}, {'id': '5607fecd-b90e-4e12-84bc-cb36d079117c', 'name': 'Hysteria', 'house': 'Dis', 'imageUrl': 'https://cdn.keyforgegame.com/media/card_front/en/341_65_HX7W9345R87F_en.png', 'description': 'Play: Return each creature to its owner’s hand.', 'cardType': 'Action', 'traits': None, 'amber': 0, 'powerLevel': 0, 'armor': 0, 'rarity': 1, 'isMaverick': False, 'flavorText': '“Help! I can’t stop this feeling!”', 'indexInExpansion': 65}, {'id': 'ea2a390e-e121-4cbd-96c5-2430cc600e81', 'name': 'Mind Barb', 'house': 'Dis', 'imageUrl': 'https://cdn.keyforgegame.com/media/card_front/en/341_67_GJXV3PCXVPMW_en.png', 'description': 'Play: Your opponent discards a random card from their hand.', 'cardType': 'Action', 'traits': None, 'amber': 1, 'powerLevel': 0, 'armor': 0, 'rarity': 0, 'isMaverick': False, 'flavorText': None, 'indexInExpansion': 67}, {'id': 'ea2a390e-e121-4cbd-96c5-2430cc600e81', 'name': 'Mind Barb', 'house': 'Dis', 'imageUrl': 'https://cdn.keyforgegame.com/media/card_front/en/341_67_GJXV3PCXVPMW_en.png', 'description': 'Play: Your opponent discards a random card from their hand.', 'cardType': 'Action', 'traits': None, 'amber': 1, 'powerLevel': 0, 'armor': 0, 'rarity': 0, 'isMaverick': False, 'flavorText': None, 'indexInExpansion': 67}, {'id': '9ba24b81-1887-46fd-9ec4-d8851af7e574', 'name': 'Pandemonium', 'house': 'Dis', 'imageUrl': 'https://cdn.keyforgegame.com/media/card_front/en/341_68_52H2XVR2J45G_en.png', 'description': 'Play: Each undamaged creature captures 1<A> from its opponent. ', 'cardType': 'Action', 'traits': None, 'amber': 1, 'powerLevel': 0, 'armor': 0, 'rarity': 1, 'isMaverick': False, 'flavorText': None, 'indexInExpansion': 68}, {'id': '9644c85a-12a7-44ff-a8bb-877dddb46995', 'name': 'Three Fates', 'house': 'Dis', 'imageUrl': 'https://cdn.keyforgegame.com/media/card_front/en/341_71_5P29489P6443_en.png', 'description': 'Play: Destroy the 3 most powerful creatures. ', 'cardType': 'Action', 'traits': None, 'amber': 1, 'powerLevel': 0, 'armor': 0, 'rarity': 1, 'isMaverick': False, 'flavorText': '“Destitution. Dereliction. Defenestration.”', 'indexInExpansion': 71}, {'id': '9644c85a-12a7-44ff-a8bb-877dddb46995', 'name': 'Three Fates', 'house': 'Dis', 'imageUrl': 'https://cdn.keyforgegame.com/media/card_front/en/341_71_5P29489P6443_en.png', 'description': 'Play: Destroy the 3 most powerful creatures. ', 'cardType': 'Action', 'traits': None, 'amber': 1, 'powerLevel': 0, 'armor': 0, 'rarity': 1, 'isMaverick': False, 'flavorText': '“Destitution. Dereliction. Defenestration.”', 'indexInExpansion': 71}, {'id': '96548d93-b318-40e3-9f5c-3297c8070ebd', 'name': 'Dominator Bauble', 'house': 'Dis', 'imageUrl': 'https://cdn.keyforgegame.com/media/card_front/en/341_73_QRQ93X7RG4J9_en.png', 'description': 'Action: Use a friendly creature.', 'cardType': 'Artifact', 'traits': 'Item', 'amber': 0, 'powerLevel': 0, 'armor': 0, 'rarity': 0, 'isMaverick': False, 'flavorText': '“I know I shouldn’t’a nicked it, but ‘twere so…shiny. –Noddy the Thief', 'indexInExpansion': 73}, {'id': '96548d93-b318-40e3-9f5c-3297c8070ebd', 'name': 'Dominator Bauble', 'house': 'Dis', 'imageUrl': 'https://cdn.keyforgegame.com/media/card_front/en/341_73_QRQ93X7RG4J9_en.png', 'description': 'Action: Use a friendly creature.', 'cardType': 'Artifact', 'traits': 'Item', 'amber': 0, 'powerLevel': 0, 'armor': 0, 'rarity': 0, 'isMaverick': False, 'flavorText': '“I know I shouldn’t’a nicked it, but ‘twere so…shiny. –Noddy the Thief', 'indexInExpansion': 73}, {'id': 'c5ed37f7-0d05-48bc-a595-4f25c0ec1e6d', 'name': 'Charette', 'house': 'Dis', 'imageUrl': 'https://cdn.keyforgegame.com/media/card_front/en/341_81_GM7WM322M4_en.png', 'description': 'Play: Capture 3<A>.', 'cardType': 'Creature', 'traits': 'Demon', 'amber': 0, 'powerLevel': 4, 'armor': 0, 'rarity': 0, 'isMaverick': False, 'flavorText': 'It doesn’t like to share.', 'indexInExpansion': 81}, {'id': 'f97316b0-75a4-45a4-8735-15e72cc1568c', 'name': 'Dust Imp', 'house': 'Dis', 'imageUrl': 'https://cdn.keyforgegame.com/media/card_front/en/341_83_9V7X379WFV8V_en.png', 'description': 'Destroyed: Gain 2<A>.', 'cardType': 'Creature', 'traits': 'Imp', 'amber': 0, 'powerLevel': 2, 'armor': 0, 'rarity': 0, 'isMaverick': False, 'flavorText': 'When the demon’s away, the imps will play.', 'indexInExpansion': 83}, {'id': '6b113c63-c8e0-4c52-9973-b94263d2bf0d', 'name': 'Stealer of Souls', 'house': 'Dis', 'imageUrl': 'https://cdn.keyforgegame.com/media/card_front/en/341_98_JJGJFX44Q6GF_en.png', 'description': 'After an enemy creature is destroyed fighting Stealer of Souls, purge that creature and gain 1<A>.', 'cardType': 'Creature', 'traits': 'Demon', 'amber': 0, 'powerLevel': 6, 'armor': 0, 'rarity': 1, 'isMaverick': False, 'flavorText': None, 'indexInExpansion': 98}], 'Mars': [{'id': '9b079369-608a-430a-9b08-9f2d6b32435b', 'name': 'Ammonia Clouds', 'house': 'Mars', 'imageUrl': 'https://cdn.keyforgegame.com/media/card_front/en/341_160_VQMVCX37C6XQ_en.png', 'description': 'Play: Deal 3<D> to each creature.', 'cardType': 'Action', 'traits': None, 'amber': 0, 'powerLevel': 0, 'armor': 0, 'rarity': 0, 'isMaverick': False, 'flavorText': 'Partly cloudy with a chance of acid rain.', 'indexInExpansion': 160}, {'id': '753bfb51-4ba7-4c0a-b141-a5b6388498c0', 'name': 'Battle Fleet', 'house': 'Mars', 'imageUrl': 'https://cdn.keyforgegame.com/media/card_front/en/341_161_FPHCPHPMX8W8_en.png', 'description': 'Play: Reveal any number of Mars cards from your hand. For each card revealed this way, draw 1 card.', 'cardType': 'Action', 'traits': None, 'amber': 1, 'powerLevel': 0, 'armor': 0, 'rarity': 1, 'isMaverick': False, 'flavorText': None, 'indexInExpansion': 161}, {'id': 'aeed12e9-7b9d-43f4-8bf7-04f076c3ea79', 'name': 'Psychic Network', 'house': 'Mars', 'imageUrl': 'https://cdn.keyforgegame.com/media/card_front/en/341_174_Q59H8QWGHQCR_en.png', 'description': 'Play: Steal 1<A> for each friendly ready Mars creature.', 'cardType': 'Action', 'traits': None, 'amber': 0, 'powerLevel': 0, 'armor': 0, 'rarity': 1, 'isMaverick': False, 'flavorText': None, 'indexInExpansion': 174}, {'id': '2d5666d0-5a93-4f75-b5f4-5085e4ee9b0f', 'name': 'Squawker', 'house': 'Mars', 'imageUrl': 'https://cdn.keyforgegame.com/media/card_front/en/341_178_7J9MG8W9F6GM_en.png', 'description': 'Play: Ready a Mars creature or stun a non-Mars creature.', 'cardType': 'Action', 'traits': None, 'amber': 1, 'powerLevel': 0, 'armor': 0, 'rarity': 0, 'isMaverick': False, 'flavorText': None, 'indexInExpansion': 178}, {'id': '0cc7c1ea-5196-40ff-b408-f31997c8ab4d', 'name': 'Crystal Hive', 'house': 'Mars', 'imageUrl': 'https://cdn.keyforgegame.com/media/card_front/en/341_182_QC7VW6G544RQ_en.png', 'description': 'Action: For the remainder of the turn, gain 1<A> each time a creature reaps.', 'cardType': 'Artifact', 'traits': 'Location', 'amber': 0, 'powerLevel': 0, 'armor': 0, 'rarity': 1, 'isMaverick': False, 'flavorText': 'Behold the glory of Nova Hellas!', 'indexInExpansion': 182}, {'id': 'de9869e5-5750-4ce3-bec5-40f250a05a59', 'name': 'Incubation Chamber', 'house': 'Mars', 'imageUrl': 'https://cdn.keyforgegame.com/media/card_front/en/341_186_PRG4HJPG6GX8_en.png', 'description': 'Omni: Reveal a Mars creature from your hand. If you do, archive it.', 'cardType': 'Artifact', 'traits': 'Location', 'amber': 0, 'powerLevel': 0, 'armor': 0, 'rarity': 2, 'isMaverick': False, 'flavorText': 'Most Martians on the Crucible came out of one of these tanks.', 'indexInExpansion': 186}, {'id': '0e5e8a55-ab05-44be-8637-8362974dad8b', 'name': 'Grabber Jammer', 'house': 'Mars', 'imageUrl': 'https://cdn.keyforgegame.com/media/card_front/en/341_193_PXQ9229CMHHP_en.png', 'description': 'Your opponent’s keys cost +1<A>.\x0bFight/Reap: Capture 1<A>.', 'cardType': 'Creature', 'traits': 'Robot', 'amber': 0, 'powerLevel': 4, 'armor': 1, 'rarity': 0, 'isMaverick': False, 'flavorText': '“Mine!”', 'indexInExpansion': 193}, {'id': '0e5e8a55-ab05-44be-8637-8362974dad8b', 'name': 'Grabber Jammer', 'house': 'Mars', 'imageUrl': 'https://cdn.keyforgegame.com/media/card_front/en/341_193_PXQ9229CMHHP_en.png', 'description': 'Your opponent’s keys cost +1<A>.\x0bFight/Reap: Capture 1<A>.', 'cardType': 'Creature', 'traits': 'Robot', 'amber': 0, 'powerLevel': 4, 'armor': 1, 'rarity': 0, 'isMaverick': False, 'flavorText': '“Mine!”', 'indexInExpansion': 193}, {'id': '0e5e8a55-ab05-44be-8637-8362974dad8b', 'name': 'Grabber Jammer', 'house': 'Mars', 'imageUrl': 'https://cdn.keyforgegame.com/media/card_front/en/341_193_PXQ9229CMHHP_en.png', 'description': 'Your opponent’s keys cost +1<A>.\x0bFight/Reap: Capture 1<A>.', 'cardType': 'Creature', 'traits': 'Robot', 'amber': 0, 'powerLevel': 4, 'armor': 1, 'rarity': 0, 'isMaverick': False, 'flavorText': '“Mine!”', 'indexInExpansion': 193}, {'id': '0e5e8a55-ab05-44be-8637-8362974dad8b', 'name': 'Grabber Jammer', 'house': 'Mars', 'imageUrl': 'https://cdn.keyforgegame.com/media/card_front/en/341_193_PXQ9229CMHHP_en.png', 'description': 'Your opponent’s keys cost +1<A>.\x0bFight/Reap: Capture 1<A>.', 'cardType': 'Creature', 'traits': 'Robot', 'amber': 0, 'powerLevel': 4, 'armor': 1, 'rarity': 0, 'isMaverick': False, 'flavorText': '“Mine!”', 'indexInExpansion': 193}, {'id': '5fc44836-83fd-4a10-af61-9168db728cc0', 'name': 'Mindwarper', 'house': 'Mars', 'imageUrl': 'https://cdn.keyforgegame.com/media/card_front/en/341_196_QG3353H2HJFM_en.png', 'description': 'Elusive. (The first time this creature is attacked each turn, no damage is dealt.)\x0bAction: Choose an enemy creature. It captures 1<A> from its own side.', 'cardType': 'Creature', 'traits': 'Martian • Scientist', 'amber': 0, 'powerLevel': 2, 'armor': 0, 'rarity': 0, 'isMaverick': False, 'flavorText': None, 'indexInExpansion': 196}, {'id': '74a9ed49-ed43-42ff-b531-b84f737581db', 'name': 'Qyxxlyx Plague Master', 'house': 'Mars', 'imageUrl': 'https://cdn.keyforgegame.com/media/card_front/en/341_198_4QXQJ939VVQM_en.png', 'description': 'Fight/Reap: Deal 3<D> to each Human creature. This damage cannot be prevented by armor.', 'cardType': 'Creature', 'traits': 'Martian • Scientist', 'amber': 0, 'powerLevel': 3, 'armor': 0, 'rarity': 2, 'isMaverick': False, 'flavorText': None, 'indexInExpansion': 198}], 'Shadows': [{'id': 'a936b45d-5de6-4b43-889b-9c58f0ab4c35', 'name': 'Nerve Blast', 'house': 'Shadows', 'imageUrl': 'https://cdn.keyforgegame.com/media/card_front/en/341_276_833RV7MVFCH8_en.png', 'description': 'Play: Steal 1<A>. If you do, deal 2<D> to a creature.', 'cardType': 'Action', 'traits': None, 'amber': 0, 'powerLevel': 0, 'armor': 0, 'rarity': 0, 'isMaverick': False, 'flavorText': '“Don’t look so shocked to see me!”', 'indexInExpansion': 276}, {'id': '5fc16338-955d-48ed-abb4-9f38b9506c12', 'name': 'Routine Job', 'house': 'Shadows', 'imageUrl': 'https://cdn.keyforgegame.com/media/card_front/en/341_282_4F97HV2RJ9FC_en.png', 'description': 'Play: Steal 1<A>. Then, steal 1<A> for each copy of Routine Job in your discard pile.', 'cardType': 'Action', 'traits': None, 'amber': 0, 'powerLevel': 0, 'armor': 0, 'rarity': 2, 'isMaverick': False, 'flavorText': None, 'indexInExpansion': 282}, {'id': '5fc16338-955d-48ed-abb4-9f38b9506c12', 'name': 'Routine Job', 'house': 'Shadows', 'imageUrl': 'https://cdn.keyforgegame.com/media/card_front/en/341_282_4F97HV2RJ9FC_en.png', 'description': 'Play: Steal 1<A>. Then, steal 1<A> for each copy of Routine Job in your discard pile.', 'cardType': 'Action', 'traits': None, 'amber': 0, 'powerLevel': 0, 'armor': 0, 'rarity': 2, 'isMaverick': False, 'flavorText': None, 'indexInExpansion': 282}, {'id': '6ae428ad-1ac3-4419-be83-7c7790b8fd96', 'name': 'Too Much to Protect', 'house': 'Shadows', 'imageUrl': 'https://cdn.keyforgegame.com/media/card_front/en/341_283_J93HJ73F4PMQ_en.png', 'description': 'Play: Steal all but 6 of your opponent’s <A>.', 'cardType': 'Action', 'traits': None, 'amber': 1, 'powerLevel': 0, 'armor': 0, 'rarity': 1, 'isMaverick': False, 'flavorText': 'Not taking it would be the real crime.', 'indexInExpansion': 283}, {'id': '90dc2b61-521a-40c1-bf0a-14e4d1457977', 'name': 'Safe Place', 'house': 'Shadows', 'imageUrl': 'https://cdn.keyforgegame.com/media/card_front/en/341_289_88GPJGFV248G_en.png', 'description': 'You may spend <A> on Safe Place when forging keys.\x0bAction: Move 1<A> from your pool to Safe Place.', 'cardType': 'Artifact', 'traits': 'Location', 'amber': 1, 'powerLevel': 0, 'armor': 0, 'rarity': 2, 'isMaverick': False, 'flavorText': None, 'indexInExpansion': 289}, {'id': '71274e08-79b6-469b-9426-8af07d582704', 'name': 'Carlo Phantom', 'house': 'Shadows', 'imageUrl': 'https://cdn.keyforgegame.com/media/card_front/en/341_298_5PGPFVJF9292_en.png', 'description': 'Elusive. Skirmish.\x0bEach time you play an artifact, steal 1<A>.', 'cardType': 'Creature', 'traits': 'Elf • Thief', 'amber': 0, 'powerLevel': 1, 'armor': 0, 'rarity': 1, 'isMaverick': False, 'flavorText': '“Give me half a chance an’ I’ll steal the whole of it.”', 'indexInExpansion': 298}, {'id': 'ff290bf3-dd57-48b3-add3-c6baf605967c', 'name': 'Magda the Rat', 'house': 'Shadows', 'imageUrl': 'https://cdn.keyforgegame.com/media/card_front/en/341_303_JJPCRGJ7CFPW_en.png', 'description': 'Elusive. (The first time this creature is attacked each turn, no damage is dealt.)\x0bPlay: Steal 2<A>.\x0bLeaves Play: Your opponent steals 2<A>.', 'cardType': 'Creature', 'traits': 'Elf • Thief', 'amber': 0, 'powerLevel': 4, 'armor': 0, 'rarity': 1, 'isMaverick': False, 'flavorText': None, 'indexInExpansion': 303}, {'id': '429e5d71-40bc-4ff4-ae81-4d5c0c10d15e', 'name': 'Dodger', 'house': 'Shadows', 'imageUrl': 'https://cdn.keyforgegame.com/media/card_front/en/341_308_4VWXF7969J9H_en.png', 'description': 'Fight: Steal 1<A>.', 'cardType': 'Creature', 'traits': 'Elf • Thief', 'amber': 0, 'powerLevel': 5, 'armor': 0, 'rarity': 0, 'isMaverick': False, 'flavorText': '“What did you do, Tiny?” –Valdr', 'indexInExpansion': 308}, {'id': '429e5d71-40bc-4ff4-ae81-4d5c0c10d15e', 'name': 'Dodger', 'house': 'Shadows', 'imageUrl': 'https://cdn.keyforgegame.com/media/card_front/en/341_308_4VWXF7969J9H_en.png', 'description': 'Fight: Steal 1<A>.', 'cardType': 'Creature', 'traits': 'Elf • Thief', 'amber': 0, 'powerLevel': 5, 'armor': 0, 'rarity': 0, 'isMaverick': False, 'flavorText': '“What did you do, Tiny?” –Valdr', 'indexInExpansion': 308}, {'id': '11663693-8a10-4783-9f89-47f43c49bfa3', 'name': 'Shadow Self', 'house': 'Shadows', 'imageUrl': 'https://cdn.keyforgegame.com/media/card_front/en/341_310_C33C4J4W6726_en.png', 'description': 'Shadow Self deals no damage when fighting.  \x0bDamage dealt to non-Specter neighbors is dealt to Shadow Self instead.', 'cardType': 'Creature', 'traits': 'Specter', 'amber': 0, 'powerLevel': 9, 'armor': 0, 'rarity': 0, 'isMaverick': False, 'flavorText': None, 'indexInExpansion': 310}, {'id': '11663693-8a10-4783-9f89-47f43c49bfa3', 'name': 'Shadow Self', 'house': 'Shadows', 'imageUrl': 'https://cdn.keyforgegame.com/media/card_front/en/341_310_C33C4J4W6726_en.png', 'description': 'Shadow Self deals no damage when fighting.  \x0bDamage dealt to non-Specter neighbors is dealt to Shadow Self instead.', 'cardType': 'Creature', 'traits': 'Specter', 'amber': 0, 'powerLevel': 9, 'armor': 0, 'rarity': 0, 'isMaverick': False, 'flavorText': None, 'indexInExpansion': 310}, {'id': '03c4165e-a0bb-4fd5-b6a8-e3d9aec0551e', 'name': 'Urchin', 'house': 'Shadows', 'imageUrl': 'https://cdn.keyforgegame.com/media/card_front/en/341_315_7MCP67W84FWX_en.png', 'description': 'Elusive. (The first time this creature is attacked each turn, no damage is dealt.)\x0bPlay: Steal 1<A>.', 'cardType': 'Creature', 'traits': 'Elf • Thief', 'amber': 0, 'powerLevel': 1, 'armor': 0, 'rarity': 0, 'isMaverick': False, 'flavorText': None, 'indexInExpansion': 315}]}, 'notes': []}}
Traceback (most recent call last):
  File "/Users/dylanfoster/.local/share/virtualenvs/keyforgeworld-2PjcBNP6/lib/python3.7/site-packages/django/db/backends/utils.py", line 85, in _execute
    return self.cursor.execute(sql, params)
  File "/Users/dylanfoster/.local/share/virtualenvs/keyforgeworld-2PjcBNP6/lib/python3.7/site-packages/django/db/backends/sqlite3/base.py", line 298, in execute
    return Database.Cursor.execute(self, query, params)
sqlite3.IntegrityError: NOT NULL constraint failed: deck_deck.owner_id

The above exception was the direct cause of the following exception:

Traceback (most recent call last):
  File "/Users/dylanfoster/.local/share/virtualenvs/keyforgeworld-2PjcBNP6/lib/python3.7/site-packages/twisted/internet/defer.py", line 654, in _runCallbacks
    current.result = callback(current.result, *args, **kw)
  File "/Users/dylanfoster/projects/keyforgeworld/deck_importer/deck_importer/pipelines.py", line 23, in process_item
    deck = Deck.objects.create()
  File "/Users/dylanfoster/.local/share/virtualenvs/keyforgeworld-2PjcBNP6/lib/python3.7/site-packages/django/db/models/manager.py", line 82, in manager_method
    return getattr(self.get_queryset(), name)(*args, **kwargs)
  File "/Users/dylanfoster/.local/share/virtualenvs/keyforgeworld-2PjcBNP6/lib/python3.7/site-packages/django/db/models/query.py", line 413, in create
    obj.save(force_insert=True, using=self.db)
  File "/Users/dylanfoster/.local/share/virtualenvs/keyforgeworld-2PjcBNP6/lib/python3.7/site-packages/django/db/models/base.py", line 718, in save
    force_update=force_update, update_fields=update_fields)
  File "/Users/dylanfoster/.local/share/virtualenvs/keyforgeworld-2PjcBNP6/lib/python3.7/site-packages/django/db/models/base.py", line 748, in save_base
    updated = self._save_table(raw, cls, force_insert, force_update, using, update_fields)
  File "/Users/dylanfoster/.local/share/virtualenvs/keyforgeworld-2PjcBNP6/lib/python3.7/site-packages/django/db/models/base.py", line 831, in _save_table
    result = self._do_insert(cls._base_manager, using, fields, update_pk, raw)
  File "/Users/dylanfoster/.local/share/virtualenvs/keyforgeworld-2PjcBNP6/lib/python3.7/site-packages/django/db/models/base.py", line 869, in _do_insert
    using=using, raw=raw)
  File "/Users/dylanfoster/.local/share/virtualenvs/keyforgeworld-2PjcBNP6/lib/python3.7/site-packages/django/db/models/manager.py", line 82, in manager_method
    return getattr(self.get_queryset(), name)(*args, **kwargs)
  File "/Users/dylanfoster/.local/share/virtualenvs/keyforgeworld-2PjcBNP6/lib/python3.7/site-packages/django/db/models/query.py", line 1136, in _insert
    return query.get_compiler(using=using).execute_sql(return_id)
  File "/Users/dylanfoster/.local/share/virtualenvs/keyforgeworld-2PjcBNP6/lib/python3.7/site-packages/django/db/models/sql/compiler.py", line 1289, in execute_sql
    cursor.execute(sql, params)
  File "/Users/dylanfoster/.local/share/virtualenvs/keyforgeworld-2PjcBNP6/lib/python3.7/site-packages/django/db/backends/utils.py", line 100, in execute
    return super().execute(sql, params)
  File "/Users/dylanfoster/.local/share/virtualenvs/keyforgeworld-2PjcBNP6/lib/python3.7/site-packages/django/db/backends/utils.py", line 68, in execute
    return self._execute_with_wrappers(sql, params, many=False, executor=self._execute)
  File "/Users/dylanfoster/.local/share/virtualenvs/keyforgeworld-2PjcBNP6/lib/python3.7/site-packages/django/db/backends/utils.py", line 77, in _execute_with_wrappers
    return executor(sql, params, many, context)
  File "/Users/dylanfoster/.local/share/virtualenvs/keyforgeworld-2PjcBNP6/lib/python3.7/site-packages/django/db/backends/utils.py", line 85, in _execute
    return self.cursor.execute(sql, params)
  File "/Users/dylanfoster/.local/share/virtualenvs/keyforgeworld-2PjcBNP6/lib/python3.7/site-packages/django/db/utils.py", line 89, in __exit__
    raise dj_exc_value.with_traceback(traceback) from exc_value
  File "/Users/dylanfoster/.local/share/virtualenvs/keyforgeworld-2PjcBNP6/lib/python3.7/site-packages/django/db/backends/utils.py", line 85, in _execute
    return self.cursor.execute(sql, params)
  File "/Users/dylanfoster/.local/share/virtualenvs/keyforgeworld-2PjcBNP6/lib/python3.7/site-packages/django/db/backends/sqlite3/base.py", line 298, in execute
    return Database.Cursor.execute(self, query, params)
django.db.utils.IntegrityError: NOT NULL constraint failed: deck_deck.owner_id
2019-01-24 05:50:36 [scrapy.core.engine] INFO: Closing spider (finished)
2019-01-24 05:50:36 [scrapy.statscollectors] INFO: Dumping Scrapy stats:
{'downloader/request_bytes': 559,
 'downloader/request_count': 2,
 'downloader/request_method_count/GET': 2,
 'downloader/response_bytes': 16285,
 'downloader/response_count': 2,
 'downloader/response_status_count/200': 2,
 'finish_reason': 'finished',
 'finish_time': datetime.datetime(2019, 1, 24, 5, 50, 36, 59407),
 'log_count/DEBUG': 3,
 'log_count/ERROR': 1,
 'log_count/INFO': 7,
 'memusage/max': 62484480,
 'memusage/startup': 62480384,
 'response_received_count': 2,
 'scheduler/dequeued': 1,
 'scheduler/dequeued/memory': 1,
 'scheduler/enqueued': 1,
 'scheduler/enqueued/memory': 1,
 'start_time': datetime.datetime(2019, 1, 24, 5, 50, 35, 404617)}
2019-01-24 05:50:36 [scrapy.core.engine] INFO: Spider closed (finished)
